nice: cannot set niceness: Permission denied
-------------------------------------------------------------------=[ Config ]
Loading loginserver configuration files.
------------------------------------------------------------------=[ Poolers ]
Initializing ConnectionPool.
----------------------------------------------------------=[ LoginController ]
Cached 10 KeyPairs for RSA communication.
Stored 20 keys for Blowfish communication.
--------------------------------------------------------=[ GameServerManager ]
Loaded 127 server names.
Loaded 1 registered gameserver(s).
Cached 10 RSA keys for gameserver communication.
-----------------------------------------------------------------=[ Ban List ]
Loaded 0 banned IP(s).
-------------------------------------------------=[ IP, Ports & Socket infos ]
Failed to start the gameserver listener.
java.net.BindException: Address already in use
	at java.base/sun.nio.ch.Net.bind0(Native Method)
	at java.base/sun.nio.ch.Net.bind(Net.java:555)
	at java.base/sun.nio.ch.Net.bind(Net.java:544)
	at java.base/sun.nio.ch.NioSocketImpl.bind(NioSocketImpl.java:648)
	at java.base/java.net.ServerSocket.bind(ServerSocket.java:388)
	at java.base/java.net.ServerSocket.<init>(ServerSocket.java:274)
	at java.base/java.net.ServerSocket.<init>(ServerSocket.java:167)
	at net.sf.l2j.loginserver.FloodProtectedListener.<init>(FloodProtectedListener.java:25)
	at net.sf.l2j.loginserver.GameServerListener.<init>(GameServerListener.java:16)
	at net.sf.l2j.loginserver.LoginServer.<init>(LoginServer.java:105)
	at net.sf.l2j.loginserver.LoginServer.main(LoginServer.java:37)
